<?xml version="1.0" encoding="UTF-8"?>
<!-- Generated by org.testng.reporters.JUnitReportReporter -->
<testsuite hostname="DESKTOP-VOTC" failures="0" tests="18" name="com.application.signup.api.ApplicationSignupApiApplicationTests" time="1.024" errors="0" timestamp="2024-11-09T03:15:45 BRT" skipped="0">
  <testcase classname="com.application.signup.api.ApplicationSignupApiApplicationTests" name="signupCreateUserFailureDueWrongPasswordCharactersSize" time="0.011"/>
  <testcase classname="com.application.signup.api.ApplicationSignupApiApplicationTests" name="signupCreateUserFailureDueWrongUsernameCharactersSize" time="0.012"/>
  <testcase classname="com.application.signup.api.ApplicationSignupApiApplicationTests" name="signupCreateUserFailurePasswordDueMissingLowercaseCharacter" time="0.013"/>
  <testcase classname="com.application.signup.api.ApplicationSignupApiApplicationTests" name="signupCreateUserFailureDueNotWellFormedEmail" time="0.013"/>
  <testcase classname="com.application.signup.api.ApplicationSignupApiApplicationTests" name="signupCreateUserFailureDueEmptyEmail" time="0.265"/>
  <testcase classname="com.application.signup.api.ApplicationSignupApiApplicationTests" name="signupCreateUserFailurePasswordDueMissingUppercaseCharacter" time="0.010"/>
  <testcase classname="com.application.signup.api.ApplicationSignupApiApplicationTests" name="signupCreateUserFailurePasswordDueMissingSpecialCharacter" time="0.012"/>
  <testcase classname="com.application.signup.api.ApplicationSignupApiApplicationTests" name="signupCreateUserFailureDueEmptyUsername" time="0.012"/>
  <testcase classname="com.application.signup.api.ApplicationSignupApiApplicationTests" name="signupCreateUserFailurePasswordDueMissingNumericCharacter" time="0.011"/>
  <testcase classname="com.application.signup.api.ApplicationSignupApiApplicationTests" name="signupCreateUserFailureDueEmptyPassword" time="0.018"/>
  <testcase classname="com.application.signup.api.ApplicationSignupApiApplicationTests" name="signupCheckIfThereIsNoUserRegistered" time="0.110"/>
  <testcase classname="com.application.signup.api.ApplicationSignupApiApplicationTests" name="signupCreateUserSuccessDueFilledUsernameEmailPassword" time="0.153"/>
  <testcase classname="com.application.signup.api.ApplicationSignupApiApplicationTests" name="signupCreateUserFailedDueUserDuplicated" time="0.084"/>
  <testcase classname="com.application.signup.api.ApplicationSignupApiApplicationTests" name="signupCreateUserFailedDueEmailDuplicated" time="0.083"/>
  <testcase classname="com.application.signup.api.ApplicationSignupApiApplicationTests" name="signupCreateUserFailedDueUsernameAlreadyInUse" time="0.078"/>
  <testcase classname="com.application.signup.api.ApplicationSignupApiApplicationTests" name="signupCreateUserFailedDueEmailAlreadyInUse" time="0.080"/>
  <testcase classname="com.application.signup.api.ApplicationSignupApiApplicationTests" name="signupFindAllUsers" time="0.032"/>
  <testcase classname="com.application.signup.api.ApplicationSignupApiApplicationTests" name="signupFindUserById" time="0.027"/>
</testsuite> <!-- com.application.signup.api.ApplicationSignupApiApplicationTests -->
